<?xml version="1.0" encoding="UTF-8"?>
<!-- Generated by org.testng.reporters.JUnitXMLReporter -->
<testsuite ignored="4" hostname="ENCDTH084" failures="0" tests="1" name="Default test" time="16.737" errors="0" timestamp="2021-11-02T13:43:52 IST">
  <testcase classname="page_Testcases.Add_To_Cart" name="CheckoutPageVerification" time="16.71"/>
  <testcase classname="commonFunctions.General_Functions" name="@AfterSuite BrowserTermination" time="0.0">
    <ignored/>
  </testcase> <!-- @AfterSuite BrowserTermination -->
  <testcase classname="commonFunctions.General_Functions" name="@AfterSuite BrowserTermination" time="0.0">
    <ignored/>
  </testcase> <!-- @AfterSuite BrowserTermination -->
  <testcase classname="commonFunctions.General_Functions" name="@BeforeSuite ChromeBrowserLaunch" time="0.0">
    <ignored/>
  </testcase> <!-- @BeforeSuite ChromeBrowserLaunch -->
  <testcase classname="commonFunctions.General_Functions" name="@BeforeSuite ChromeBrowserLaunch" time="0.0">
    <ignored/>
  </testcase> <!-- @BeforeSuite ChromeBrowserLaunch -->
</testsuite> <!-- Default test -->
