<?xml version="1.0" encoding="UTF-8"?>
<testng-results ignored="4" total="5" passed="1" failed="0" skipped="0">
  <reporter-output>
  </reporter-output>
  <suite started-at="2021-11-02T13:43:35 IST" name="Default suite" finished-at="2021-11-02T13:43:52 IST" duration-ms="16737">
    <groups>
    </groups>
    <test started-at="2021-11-02T13:43:35 IST" name="Default test" finished-at="2021-11-02T13:43:52 IST" duration-ms="16737">
      <class name="page_Testcases.Add_To_Cart">
        <test-method is-config="true" signature="ChromeBrowserLaunch()[pri:0, instance:page_Testcases.Add_To_Cart@1fb700ee]" started-at="2021-11-02T13:43:23 IST" name="ChromeBrowserLaunch" finished-at="2021-11-02T13:43:35 IST" duration-ms="11998" status="PASS">
          <reporter-output>
          </reporter-output>
        </test-method> <!-- ChromeBrowserLaunch -->
        <test-method signature="CheckoutPageVerification()[pri:0, instance:page_Testcases.Add_To_Cart@1fb700ee]" started-at="2021-11-02T13:43:35 IST" name="CheckoutPageVerification" finished-at="2021-11-02T13:43:52 IST" duration-ms="16710" status="PASS">
          <reporter-output>
          </reporter-output>
        </test-method> <!-- CheckoutPageVerification -->
        <test-method is-config="true" signature="BrowserTermination()[pri:0, instance:page_Testcases.Add_To_Cart@1fb700ee]" started-at="2021-11-02T13:43:52 IST" name="BrowserTermination" finished-at="2021-11-02T13:43:53 IST" duration-ms="1300" status="PASS">
          <reporter-output>
          </reporter-output>
        </test-method> <!-- BrowserTermination -->
      </class> <!-- page_Testcases.Add_To_Cart -->
    </test> <!-- Default test -->
  </suite> <!-- Default suite -->
</testng-results>
